<?xml version="1.0" encoding="UTF-8"?>
<testsuite name="MerchantFixture" tests="1" skipped="0" failures="0" errors="0" timestamp="2019-10-18T10:46:31" hostname="Pramods-MacBook-Pro.local" time="0.056">
  <properties/>
  <testcase name="finalOutput" classname="MerchantFixture" time="0.056"/>
  <system-out><![CDATA[]]></system-out>
  <system-err><![CDATA[]]></system-err>
</testsuite>
